# JRE version: OpenJDK Runtime Environment (8.0_181-b13) (build 1.8.0_181-8u181-b13-0ubuntu0.16.04.1-b13)
# Java VM: OpenJDK 64-Bit Server VM (25.181-b13 mixed mode linux-amd64 compressed oops)
Heap:
 PSYoungGen      total 166400K, used 37671K [0x00000000d7180000, 0x00000000e4100000, 0x0000000100000000)
  eden space 155136K, 17% used [0x00000000d7180000,0x00000000d8b4cd68,0x00000000e0900000)
  from space 11264K, 99% used [0x00000000e1580000,0x00000000e207d060,0x00000000e2080000)
  to   space 12800K, 72% used [0x00000000e0900000,0x00000000e1212900,0x00000000e1580000)
 ParOldGen       total 51200K, used 14420K [0x0000000085400000, 0x0000000088600000, 0x00000000d7180000)
  object space 51200K, 28% used [0x0000000085400000,0x0000000086215120,0x0000000088600000)
 Metaspace       used 33909K, capacity 35416K, committed 35496K, reserved 1079296K
  class space    used 4444K, capacity 4757K, committed 4784K, reserved 1048576K
GC Heap History (10 events):
Event: 0.730 GC heap after
Heap after GC invocations=5 (full 0):
 PSYoungGen      total 68608K, used 5097K [0x00000000d7180000, 0x00000000dfc80000, 0x0000000100000000)
  eden space 63488K, 0% used [0x00000000d7180000,0x00000000d7180000,0x00000000daf80000)
  from space 5120K, 99% used [0x00000000daf80000,0x00000000db47a5d0,0x00000000db480000)
  to   space 7680K, 0% used [0x00000000df500000,0x00000000df500000,0x00000000dfc80000)
 ParOldGen       total 84992K, used 2992K [0x0000000085400000, 0x000000008a700000, 0x00000000d7180000)
  object space 84992K, 3% used [0x0000000085400000,0x00000000856ec090,0x000000008a700000)
 Metaspace       used 20652K, capacity 21216K, committed 21296K, reserved 1067008K
  class space    used 2657K, capacity 2848K, committed 2864K, reserved 1048576K
}
Event: 0.730 GC heap before
{Heap before GC invocations=6 (full 1):
 PSYoungGen      total 68608K, used 5097K [0x00000000d7180000, 0x00000000dfc80000, 0x0000000100000000)
  eden space 63488K, 0% used [0x00000000d7180000,0x00000000d7180000,0x00000000daf80000)
  from space 5120K, 99% used [0x00000000daf80000,0x00000000db47a5d0,0x00000000db480000)
  to   space 7680K, 0% used [0x00000000df500000,0x00000000df500000,0x00000000dfc80000)
 ParOldGen       total 84992K, used 2992K [0x0000000085400000, 0x000000008a700000, 0x00000000d7180000)
  object space 84992K, 3% used [0x0000000085400000,0x00000000856ec090,0x000000008a700000)
 Metaspace       used 20652K, capacity 21216K, committed 21296K, reserved 1067008K
  class space    used 2657K, capacity 2848K, committed 2864K, reserved 1048576K
Event: 0.758 GC heap after
Heap after GC invocations=6 (full 1):
 PSYoungGen      total 68608K, used 0K [0x00000000d7180000, 0x00000000dfc80000, 0x0000000100000000)
  eden space 63488K, 0% used [0x00000000d7180000,0x00000000d7180000,0x00000000daf80000)
  from space 5120K, 0% used [0x00000000daf80000,0x00000000daf80000,0x00000000db480000)
  to   space 7680K, 0% used [0x00000000df500000,0x00000000df500000,0x00000000dfc80000)
 ParOldGen       total 51200K, used 5343K [0x0000000085400000, 0x0000000088600000, 0x00000000d7180000)
  object space 51200K, 10% used [0x0000000085400000,0x0000000085937d58,0x0000000088600000)
 Metaspace       used 20650K, capacity 21210K, committed 21296K, reserved 1067008K
  class space    used 2657K, capacity 2847K, committed 2864K, reserved 1048576K
}
Event: 1.079 GC heap before
{Heap before GC invocations=7 (full 1):
 PSYoungGen      total 68608K, used 63488K [0x00000000d7180000, 0x00000000dfc80000, 0x0000000100000000)
  eden space 63488K, 100% used [0x00000000d7180000,0x00000000daf80000,0x00000000daf80000)
  from space 5120K, 0% used [0x00000000daf80000,0x00000000daf80000,0x00000000db480000)
  to   space 7680K, 0% used [0x00000000df500000,0x00000000df500000,0x00000000dfc80000)
 ParOldGen       total 51200K, used 5343K [0x0000000085400000, 0x0000000088600000, 0x00000000d7180000)
  object space 51200K, 10% used [0x0000000085400000,0x0000000085937d58,0x0000000088600000)
 Metaspace       used 23395K, capacity 24156K, committed 24240K, reserved 1071104K
  class space    used 3028K, capacity 3240K, committed 3248K, reserved 1048576K
Event: 1.084 GC heap after
Heap after GC invocations=7 (full 1):
 PSYoungGen      total 107520K, used 5769K [0x00000000d7180000, 0x00000000dfb00000, 0x0000000100000000)
  eden space 101376K, 0% used [0x00000000d7180000,0x00000000d7180000,0x00000000dd480000)
  from space 6144K, 93% used [0x00000000df500000,0x00000000dfaa26f8,0x00000000dfb00000)
  to   space 7168K, 0% used [0x00000000ded00000,0x00000000ded00000,0x00000000df400000)
 ParOldGen       total 51200K, used 5351K [0x0000000085400000, 0x0000000088600000, 0x00000000d7180000)
  object space 51200K, 10% used [0x0000000085400000,0x0000000085939d58,0x0000000088600000)
 Metaspace       used 23395K, capacity 24156K, committed 24240K, reserved 1071104K
  class space    used 3028K, capacity 3240K, committed 3248K, reserved 1048576K
}
Event: 1.529 GC heap before
{Heap before GC invocations=8 (full 1):
 PSYoungGen      total 107520K, used 107145K [0x00000000d7180000, 0x00000000dfb00000, 0x0000000100000000)
  eden space 101376K, 100% used [0x00000000d7180000,0x00000000dd480000,0x00000000dd480000)
  from space 6144K, 93% used [0x00000000df500000,0x00000000dfaa26f8,0x00000000dfb00000)
  to   space 7168K, 0% used [0x00000000ded00000,0x00000000ded00000,0x00000000df400000)
 ParOldGen       total 51200K, used 5351K [0x0000000085400000, 0x0000000088600000, 0x00000000d7180000)
  object space 51200K, 10% used [0x0000000085400000,0x0000000085939d58,0x0000000088600000)
 Metaspace       used 28423K, capacity 29690K, committed 29872K, reserved 1075200K
  class space    used 3707K, capacity 3959K, committed 4016K, reserved 1048576K
Event: 1.537 GC heap after
Heap after GC invocations=8 (full 1):
 PSYoungGen      total 133632K, used 7154K [0x00000000d7180000, 0x00000000e2080000, 0x0000000100000000)
  eden space 126464K, 0% used [0x00000000d7180000,0x00000000d7180000,0x00000000ded00000)
  from space 7168K, 99% used [0x00000000ded00000,0x00000000df3fc970,0x00000000df400000)
  to   space 11264K, 0% used [0x00000000e1580000,0x00000000e1580000,0x00000000e2080000)
 ParOldGen       total 51200K, used 11605K [0x0000000085400000, 0x0000000088600000, 0x00000000d7180000)
  object space 51200K, 22% used [0x0000000085400000,0x0000000085f557e0,0x0000000088600000)
 Metaspace       used 28423K, capacity 29690K, committed 29872K, reserved 1075200K
  class space    used 3707K, capacity 3959K, committed 4016K, reserved 1048576K
}
Event: 8.578 GC heap before
{Heap before GC invocations=9 (full 1):
 PSYoungGen      total 133632K, used 133618K [0x00000000d7180000, 0x00000000e2080000, 0x0000000100000000)
  eden space 126464K, 100% used [0x00000000d7180000,0x00000000ded00000,0x00000000ded00000)
  from space 7168K, 99% used [0x00000000ded00000,0x00000000df3fc970,0x00000000df400000)
  to   space 11264K, 0% used [0x00000000e1580000,0x00000000e1580000,0x00000000e2080000)
 ParOldGen       total 51200K, used 11605K [0x0000000085400000, 0x0000000088600000, 0x00000000d7180000)
  object space 51200K, 22% used [0x0000000085400000,0x0000000085f557e0,0x0000000088600000)
 Metaspace       used 31984K, capacity 33496K, committed 33712K, reserved 1079296K
  class space    used 4177K, capacity 4501K, committed 4528K, reserved 1048576K
Event: 8.588 GC heap after
Heap after GC invocations=9 (full 1):
 PSYoungGen      total 166400K, used 11252K [0x00000000d7180000, 0x00000000e4100000, 0x0000000100000000)
  eden space 155136K, 0% used [0x00000000d7180000,0x00000000d7180000,0x00000000e0900000)
  from space 11264K, 99% used [0x00000000e1580000,0x00000000e207d060,0x00000000e2080000)
  to   space 12800K, 0% used [0x00000000e0900000,0x00000000e0900000,0x00000000e1580000)
 ParOldGen       total 51200K, used 12388K [0x0000000085400000, 0x0000000088600000, 0x00000000d7180000)
  object space 51200K, 24% used [0x0000000085400000,0x0000000086019120,0x0000000088600000)
 Metaspace       used 31984K, capacity 33496K, committed 33712K, reserved 1079296K
  class space    used 4177K, capacity 4501K, committed 4528K, reserved 1048576K
}
Event: 10.278 GC heap before
{Heap before GC invocations=10 (full 1):
 PSYoungGen      total 166400K, used 37671K [0x00000000d7180000, 0x00000000e4100000, 0x0000000100000000)
  eden space 155136K, 17% used [0x00000000d7180000,0x00000000d8b4cd68,0x00000000e0900000)
  from space 11264K, 99% used [0x00000000e1580000,0x00000000e207d060,0x00000000e2080000)
  to   space 12800K, 0% used [0x00000000e0900000,0x00000000e0900000,0x00000000e1580000)
 ParOldGen       total 51200K, used 12388K [0x0000000085400000, 0x0000000088600000, 0x00000000d7180000)
  object space 51200K, 24% used [0x0000000085400000,0x0000000086019120,0x0000000088600000)
 Metaspace       used 33909K, capacity 35416K, committed 35496K, reserved 1079296K
  class space    used 4444K, capacity 4757K, committed 4784K, reserved 1048576K

